<?xml version="1.0" encoding="UTF-8"?>
<!-- Generated by org.testng.reporters.JUnitReportReporter -->
<testsuite hostname="DESKTOP-5OA9UT6" failures="0" tests="3" name="com.testcase.LoginTest" time="4.494" errors="0" timestamp="2024-04-08T06:55:00 IST" skipped="0">
  <testcase classname="com.testcase.LoginTest" name="loginTest" time="2.853"/>
  <testcase classname="com.testcase.LoginTest" name="loginTest" time="0.898"/>
  <testcase classname="com.testcase.LoginTest" name="loginTest" time="0.743"/>
</testsuite> <!-- com.testcase.LoginTest -->
