<?xml version="1.0" encoding="UTF-8"?>
<!-- Generated by org.testng.reporters.JUnitReportReporter -->
<testsuite hostname="DESKTOP-5OA9UT6" failures="0" tests="3" name="com.testcase.LoginTest" time="6.379" errors="0" timestamp="2024-04-09T11:19:19 IST" skipped="0">
  <testcase classname="com.testcase.LoginTest" name="loginTest" time="0.981"/>
  <testcase classname="com.testcase.LoginTest" name="loginTest" time="1.151"/>
  <testcase classname="com.testcase.LoginTest" name="loginTest" time="4.247"/>
</testsuite> <!-- com.testcase.LoginTest -->
